==================== 2026-03-27T14:08:15.721196Z | f6689445-c9f9-457f-bd13-7d039a66c5d6 ====================
14:08:15.721230 [info ]: Starting dbt LSP server
14:08:15.721242 [info ]: Connecting to LSP client on port 34277
14:08:15.721383 [info ]: Successfully connected to LSP client
14:08:15.721390 [info ]: Creating LSP service...
14:08:15.777893 [info ]: Creating LSP server...
14:08:15.777920 [info ]: Starting LSP server...
14:08:16.323419 [info ]: Started loading project
14:08:16.323506 [info ]: Finished loading project [  0.00s]
14:14:36.413599 [info ]: Started loading project
14:14:36.413711 [info ]: Finished loading project [  0.00s]
==================== 2026-03-27T14:17:16.845314Z | 17661c47-cf1f-44db-be87-629983fd2b57 ====================
14:17:16.845344 [info ]: Starting dbt LSP server
14:17:16.845357 [info ]: Connecting to LSP client on port 50721
14:17:16.845501 [info ]: Successfully connected to LSP client
14:17:16.845508 [info ]: Creating LSP service...
14:17:16.901359 [info ]: Creating LSP server...
14:17:16.901388 [info ]: Starting LSP server...
14:17:17.333541 [info ]: Started loading project
14:17:17.333630 [info ]: Finished loading project [  0.00s]
==================== 2026-03-27T14:19:31.920590Z | 4104ed5f-cf27-4296-92eb-5d821ad0938c ====================
14:19:31.920625 [info ]: Starting dbt LSP server
14:19:31.920641 [info ]: Connecting to LSP client on port 56681
14:19:31.920789 [info ]: Successfully connected to LSP client
14:19:31.920797 [info ]: Creating LSP service...
14:19:31.977548 [info ]: Creating LSP server...
14:19:31.977575 [info ]: Starting LSP server...
14:19:32.552757 [info ]: Started loading project
14:19:32.552875 [info ]: Finished loading project [  0.00s]
==================== 2026-03-27T14:20:22.918987Z | 1863cdf2-1e8b-4bfe-b539-a045435eedb7 ====================
14:20:22.919019 [info ]: Starting dbt LSP server
14:20:22.919036 [info ]: Connecting to LSP client on port 56551
14:20:22.919128 [info ]: Successfully connected to LSP client
14:20:22.919137 [info ]: Creating LSP service...
14:20:22.975393 [info ]: Creating LSP server...
14:20:22.975422 [info ]: Starting LSP server...
14:20:23.373452 [info ]: Started loading project
14:20:23.373551 [info ]: Finished loading project [  0.00s]
==================== 2026-03-27T14:34:20.403670Z | 866c3e26-570f-48fe-b86d-c93ab88be648 ====================
14:34:20.403698 [info ]: Starting dbt LSP server
14:34:20.403712 [info ]: Connecting to LSP client on port 40353
14:34:20.403864 [info ]: Successfully connected to LSP client
14:34:20.403872 [info ]: Creating LSP service...
14:34:20.459909 [info ]: Creating LSP server...
14:34:20.459938 [info ]: Starting LSP server...
14:34:20.833573 [info ]: Started loading project
14:34:20.833699 [info ]: Finished loading project [  0.00s]
